Starting Dynare (version 4.5.6).
Starting preprocessing of the model file ...
Found 10 equation(s).
Evaluating expressions...done
Computing static model derivatives:
 - order 1
Computing dynamic model derivatives:
 - order 1
Processing outputs ...
done
Preprocessing completed.

STEADY-STATE RESULTS:

c    		 0.948682
n    		 0.948682
w    		 0.9
infl 		 0
int  		 0.010101
m    		 94.8682
mc   		 0.9
y    		 0.948682
A    		 1
DLm  		 0

EIGENVALUES:
         Modulus             Real        Imaginary

               0                0                0
       1.215e-17        1.215e-17                0
          0.6653           0.6653                0
            0.95             0.95                0
            1.01             1.01                0
           1.518            1.518                0
       1.443e+17       -1.443e+17                0


There are 3 eigenvalue(s) larger than 1 in modulus 
for 3 forward-looking variable(s)

The rank condition is verified.

Total computing time : 0h00m00s
